REQUEST: 2026-03-29T04:57:32+02:00
URL=
SESSION=Array
(
)
GET=Array
(
)
COOKIE=Array
(
)

---
REQUEST: 2026-03-29T04:57:46+02:00
URL=login
SESSION=Array
(
)
GET=Array
(
    [url] => login
)
COOKIE=Array
(
    [PHPSESSID] => kjs1ksldlhqeebirbur94lvdal
)

---
REQUEST: 2026-03-29T04:57:46+02:00
URL=newsfeed
SESSION=Array
(
    [user_id] => 1
    [username] => stevenhunderson
)
GET=Array
(
    [url] => newsfeed
)
COOKIE=Array
(
    [PHPSESSID] => kjs1ksldlhqeebirbur94lvdal
)

---
REQUEST: 2026-03-29T04:57:51+02:00
URL=
SESSION=Array
(
    [user_id] => 1
    [username] => stevenhunderson
)
GET=Array
(
    [id] => 1
)
COOKIE=Array
(
    [PHPSESSID] => kjs1ksldlhqeebirbur94lvdal
)

---
REQUEST: 2026-03-29T05:02:55+02:00
URL=logout
SESSION=Array
(
    [user_id] => 1
    [username] => stevenhunderson
)
GET=Array
(
    [url] => logout
)
COOKIE=Array
(
    [PHPSESSID] => kjs1ksldlhqeebirbur94lvdal
)

---
REQUEST: 2026-03-29T05:02:55+02:00
URL=login
SESSION=Array
(
)
GET=Array
(
    [url] => login
)
COOKIE=Array
(
    [PHPSESSID] => kjs1ksldlhqeebirbur94lvdal
)

---
REQUEST: 2026-03-29T05:02:59+02:00
URL=login
SESSION=Array
(
)
GET=Array
(
    [url] => login
)
COOKIE=Array
(
    [PHPSESSID] => kjs1ksldlhqeebirbur94lvdal
)

---
REQUEST: 2026-03-29T05:03:10+02:00
URL=login
SESSION=Array
(
)
GET=Array
(
    [url] => login
)
COOKIE=Array
(
    [PHPSESSID] => kjs1ksldlhqeebirbur94lvdal
)

---
REQUEST: 2026-03-29T05:03:10+02:00
URL=newsfeed
SESSION=Array
(
    [user_id] => 1
    [username] => stevenhunderson
)
GET=Array
(
    [url] => newsfeed
)
COOKIE=Array
(
    [PHPSESSID] => kjs1ksldlhqeebirbur94lvdal
)

---
REQUEST: 2026-03-29T05:03:16+02:00
URL=posts/edit
SESSION=Array
(
    [user_id] => 1
    [username] => stevenhunderson
)
GET=Array
(
    [url] => posts/edit
    [id] => 1
)
COOKIE=Array
(
    [PHPSESSID] => kjs1ksldlhqeebirbur94lvdal
)

---
Array
(
    [time] => 2026-03-29T05:03:16+02:00
    [session_status] => 2
    [session] => Array
        (
            [user_id] => 1
            [username] => stevenhunderson
        )

    [get] => Array
        (
            [url] => posts/edit
            [id] => 1
        )

    [cookie] => Array
        (
            [PHPSESSID] => kjs1ksldlhqeebirbur94lvdal
        )

)

------------
REQUEST: 2026-03-29T05:06:36+02:00
URL=posts/edit
SESSION=Array
(
    [user_id] => 1
    [username] => stevenhunderson
)
GET=Array
(
    [url] => posts/edit
    [id] => 1
)
COOKIE=Array
(
    [PHPSESSID] => kjs1ksldlhqeebirbur94lvdal
)

---
Array
(
    [time] => 2026-03-29T05:06:36+02:00
    [session_status] => 2
    [session] => Array
        (
            [user_id] => 1
            [username] => stevenhunderson
        )

    [get] => Array
        (
            [url] => posts/edit
            [id] => 1
        )

    [cookie] => Array
        (
            [PHPSESSID] => kjs1ksldlhqeebirbur94lvdal
        )

)

------------
REQUEST: 2026-03-29T05:12:50+02:00
URL=posts/edit
SESSION=Array
(
    [user_id] => 1
    [username] => stevenhunderson
)
GET=Array
(
    [url] => posts/edit
    [id] => 1
)
COOKIE=Array
(
    [PHPSESSID] => kjs1ksldlhqeebirbur94lvdal
)

---
REQUEST: 2026-03-29T05:18:10+02:00
URL=posts/edit
SESSION=Array
(
    [user_id] => 1
    [username] => stevenhunderson
)
GET=Array
(
    [url] => posts/edit
    [id] => 1
)
COOKIE=Array
(
    [PHPSESSID] => kjs1ksldlhqeebirbur94lvdal
)

---
REQUEST: 2026-03-29T05:19:49+02:00
URL=posts/edit
SESSION=Array
(
    [user_id] => 1
    [username] => stevenhunderson
)
GET=Array
(
    [url] => posts/edit
    [id] => 1
)
COOKIE=Array
(
    [PHPSESSID] => kjs1ksldlhqeebirbur94lvdal
)

---
REQUEST: 2026-03-29T05:23:15+02:00
URL=posts/edit
SESSION=Array
(
    [user_id] => 1
    [username] => stevenhunderson
)
GET=Array
(
    [url] => posts/edit
    [id] => 1
)
COOKIE=Array
(
    [PHPSESSID] => kjs1ksldlhqeebirbur94lvdal
)

---
REQUEST: 2026-03-29T05:26:16+02:00
URL=posts/update
SESSION=Array
(
    [user_id] => 1
    [username] => stevenhunderson
)
GET=Array
(
    [url] => posts/update
)
COOKIE=Array
(
    [PHPSESSID] => kjs1ksldlhqeebirbur94lvdal
)

---
REQUEST: 2026-03-29T05:26:16+02:00
URL=newsfeed
SESSION=Array
(
    [user_id] => 1
    [username] => stevenhunderson
)
GET=Array
(
    [url] => newsfeed
)
COOKIE=Array
(
    [PHPSESSID] => kjs1ksldlhqeebirbur94lvdal
)

---
REQUEST: 2026-03-29T05:34:09+02:00
URL=logout
SESSION=Array
(
    [user_id] => 1
    [username] => stevenhunderson
)
GET=Array
(
    [url] => logout
)
COOKIE=Array
(
    [PHPSESSID] => kjs1ksldlhqeebirbur94lvdal
)

---
REQUEST: 2026-03-29T05:34:10+02:00
URL=login
SESSION=Array
(
)
GET=Array
(
    [url] => login
)
COOKIE=Array
(
    [PHPSESSID] => kjs1ksldlhqeebirbur94lvdal
)

---
REQUEST: 2026-03-29T05:34:21+02:00
URL=login
SESSION=Array
(
)
GET=Array
(
    [url] => login
)
COOKIE=Array
(
    [PHPSESSID] => kjs1ksldlhqeebirbur94lvdal
)

---
REQUEST: 2026-03-29T05:34:23+02:00
URL=register
SESSION=Array
(
)
GET=Array
(
    [url] => register
)
COOKIE=Array
(
    [PHPSESSID] => kjs1ksldlhqeebirbur94lvdal
)

---
REQUEST: 2026-03-29T05:34:56+02:00
URL=register
SESSION=Array
(
)
GET=Array
(
    [url] => register
)
COOKIE=Array
(
    [PHPSESSID] => kjs1ksldlhqeebirbur94lvdal
)

---
REQUEST: 2026-03-29T05:34:56+02:00
URL=login
SESSION=Array
(
)
GET=Array
(
    [url] => login
    [msg] => registered
)
COOKIE=Array
(
    [PHPSESSID] => kjs1ksldlhqeebirbur94lvdal
)

---
REQUEST: 2026-03-29T05:35:04+02:00
URL=login
SESSION=Array
(
)
GET=Array
(
    [url] => login
)
COOKIE=Array
(
    [PHPSESSID] => kjs1ksldlhqeebirbur94lvdal
)

---
REQUEST: 2026-03-29T05:35:04+02:00
URL=newsfeed
SESSION=Array
(
    [user_id] => 2
    [username] => lilypichu
)
GET=Array
(
    [url] => newsfeed
)
COOKIE=Array
(
    [PHPSESSID] => kjs1ksldlhqeebirbur94lvdal
)

---
REQUEST: 2026-03-29T05:35:11+02:00
URL=likes/toggle
SESSION=Array
(
    [user_id] => 2
    [username] => lilypichu
)
GET=Array
(
    [url] => likes/toggle
)
COOKIE=Array
(
    [PHPSESSID] => kjs1ksldlhqeebirbur94lvdal
)

---
REQUEST: 2026-03-29T05:35:11+02:00
URL=newsfeed
SESSION=Array
(
    [user_id] => 2
    [username] => lilypichu
)
GET=Array
(
    [url] => newsfeed
)
COOKIE=Array
(
    [PHPSESSID] => kjs1ksldlhqeebirbur94lvdal
)

---
REQUEST: 2026-03-29T05:35:23+02:00
URL=comments/store
SESSION=Array
(
    [user_id] => 2
    [username] => lilypichu
)
GET=Array
(
    [url] => comments/store
)
COOKIE=Array
(
    [PHPSESSID] => kjs1ksldlhqeebirbur94lvdal
)

---
REQUEST: 2026-03-29T05:35:23+02:00
URL=newsfeed
SESSION=Array
(
    [user_id] => 2
    [username] => lilypichu
)
GET=Array
(
    [url] => newsfeed
)
COOKIE=Array
(
    [PHPSESSID] => kjs1ksldlhqeebirbur94lvdal
)

---
REQUEST: 2026-03-29T05:35:36+02:00
URL=newsfeed
SESSION=Array
(
    [user_id] => 2
    [username] => lilypichu
)
GET=Array
(
    [url] => newsfeed
)
COOKIE=Array
(
    [PHPSESSID] => kjs1ksldlhqeebirbur94lvdal
)

---
REQUEST: 2026-03-29T05:37:07+02:00
URL=newsfeed
SESSION=Array
(
    [user_id] => 2
    [username] => lilypichu
)
GET=Array
(
    [url] => newsfeed
)
COOKIE=Array
(
    [PHPSESSID] => kjs1ksldlhqeebirbur94lvdal
)

---
REQUEST: 2026-03-29T05:37:10+02:00
URL=profile
SESSION=Array
(
    [user_id] => 2
    [username] => lilypichu
)
GET=Array
(
    [url] => profile
    [id] => 1
)
COOKIE=Array
(
    [PHPSESSID] => kjs1ksldlhqeebirbur94lvdal
)

---
REQUEST: 2026-03-29T05:41:06+02:00
URL=profile
SESSION=Array
(
    [user_id] => 2
    [username] => lilypichu
)
GET=Array
(
    [url] => profile
    [id] => 1
)
COOKIE=Array
(
    [PHPSESSID] => kjs1ksldlhqeebirbur94lvdal
)

---
REQUEST: 2026-03-29T05:41:22+02:00
URL=profile
SESSION=Array
(
    [user_id] => 2
    [username] => lilypichu
)
GET=Array
(
    [url] => profile
)
COOKIE=Array
(
    [PHPSESSID] => kjs1ksldlhqeebirbur94lvdal
)

---
REQUEST: 2026-03-29T05:41:29+02:00
URL=logout
SESSION=Array
(
    [user_id] => 2
    [username] => lilypichu
)
GET=Array
(
    [url] => logout
)
COOKIE=Array
(
    [PHPSESSID] => kjs1ksldlhqeebirbur94lvdal
)

---
REQUEST: 2026-03-29T05:41:29+02:00
URL=login
SESSION=Array
(
)
GET=Array
(
    [url] => login
)
COOKIE=Array
(
    [PHPSESSID] => kjs1ksldlhqeebirbur94lvdal
)

---
REQUEST: 2026-03-29T05:41:30+02:00
URL=register
SESSION=Array
(
)
GET=Array
(
    [url] => register
)
COOKIE=Array
(
    [PHPSESSID] => kjs1ksldlhqeebirbur94lvdal
)

---
REQUEST: 2026-03-29T05:43:43+02:00
URL=login
SESSION=Array
(
)
GET=Array
(
    [url] => login
)
COOKIE=Array
(
    [PHPSESSID] => kjs1ksldlhqeebirbur94lvdal
)

---
REQUEST: 2026-03-29T05:43:53+02:00
URL=login
SESSION=Array
(
)
GET=Array
(
    [url] => login
)
COOKIE=Array
(
    [PHPSESSID] => kjs1ksldlhqeebirbur94lvdal
)

---
REQUEST: 2026-03-29T05:43:53+02:00
URL=newsfeed
SESSION=Array
(
    [user_id] => 1
    [username] => stevenhunderson
)
GET=Array
(
    [url] => newsfeed
)
COOKIE=Array
(
    [PHPSESSID] => kjs1ksldlhqeebirbur94lvdal
)

---
REQUEST: 2026-03-29T05:43:55+02:00
URL=profile
SESSION=Array
(
    [user_id] => 1
    [username] => stevenhunderson
)
GET=Array
(
    [url] => profile
)
COOKIE=Array
(
    [PHPSESSID] => kjs1ksldlhqeebirbur94lvdal
)

---
REQUEST: 2026-03-29T05:43:57+02:00
URL=profile/edit
SESSION=Array
(
    [user_id] => 1
    [username] => stevenhunderson
)
GET=Array
(
    [url] => profile/edit
)
COOKIE=Array
(
    [PHPSESSID] => kjs1ksldlhqeebirbur94lvdal
)

---
REQUEST: 2026-03-29T05:52:47+02:00
URL=profile/edit
SESSION=Array
(
    [user_id] => 1
    [username] => stevenhunderson
)
GET=Array
(
    [url] => profile/edit
)
COOKIE=Array
(
    [PHPSESSID] => kjs1ksldlhqeebirbur94lvdal
)

---
REQUEST: 2026-03-29T05:52:54+02:00
URL=logout
SESSION=Array
(
    [user_id] => 1
    [username] => stevenhunderson
)
GET=Array
(
    [url] => logout
)
COOKIE=Array
(
    [PHPSESSID] => kjs1ksldlhqeebirbur94lvdal
)

---
REQUEST: 2026-03-29T05:52:54+02:00
URL=login
SESSION=Array
(
)
GET=Array
(
    [url] => login
)
COOKIE=Array
(
    [PHPSESSID] => kjs1ksldlhqeebirbur94lvdal
)

---
REQUEST: 2026-03-29T05:53:02+02:00
URL=login
SESSION=Array
(
)
GET=Array
(
    [url] => login
)
COOKIE=Array
(
    [PHPSESSID] => kjs1ksldlhqeebirbur94lvdal
)

---
REQUEST: 2026-03-29T05:53:03+02:00
URL=newsfeed
SESSION=Array
(
    [user_id] => 2
    [username] => lilypichu
)
GET=Array
(
    [url] => newsfeed
)
COOKIE=Array
(
    [PHPSESSID] => kjs1ksldlhqeebirbur94lvdal
)

---
REQUEST: 2026-03-29T05:53:07+02:00
URL=profile
SESSION=Array
(
    [user_id] => 2
    [username] => lilypichu
)
GET=Array
(
    [url] => profile
    [id] => 1
)
COOKIE=Array
(
    [PHPSESSID] => kjs1ksldlhqeebirbur94lvdal
)

---
REQUEST: 2026-03-29T05:53:12+02:00
URL=
SESSION=Array
(
    [user_id] => 2
    [username] => lilypichu
)
GET=Array
(
)
COOKIE=Array
(
    [PHPSESSID] => kjs1ksldlhqeebirbur94lvdal
)

---
REQUEST: 2026-03-29T05:57:52+02:00
URL=
SESSION=Array
(
    [user_id] => 2
    [username] => lilypichu
)
GET=Array
(
)
COOKIE=Array
(
    [PHPSESSID] => kjs1ksldlhqeebirbur94lvdal
)

---
REQUEST: 2026-03-29T05:57:56+02:00
URL=logout
SESSION=Array
(
    [user_id] => 2
    [username] => lilypichu
)
GET=Array
(
    [url] => logout
)
COOKIE=Array
(
    [PHPSESSID] => kjs1ksldlhqeebirbur94lvdal
)

---
REQUEST: 2026-03-29T05:57:56+02:00
URL=login
SESSION=Array
(
)
GET=Array
(
    [url] => login
)
COOKIE=Array
(
    [PHPSESSID] => kjs1ksldlhqeebirbur94lvdal
)

---
REQUEST: 2026-03-29T05:58:06+02:00
URL=login
SESSION=Array
(
)
GET=Array
(
    [url] => login
)
COOKIE=Array
(
    [PHPSESSID] => kjs1ksldlhqeebirbur94lvdal
)

---
REQUEST: 2026-03-29T05:58:06+02:00
URL=newsfeed
SESSION=Array
(
    [user_id] => 2
    [username] => lilypichu
)
GET=Array
(
    [url] => newsfeed
)
COOKIE=Array
(
    [PHPSESSID] => kjs1ksldlhqeebirbur94lvdal
)

---
REQUEST: 2026-03-29T05:58:08+02:00
URL=profile
SESSION=Array
(
    [user_id] => 2
    [username] => lilypichu
)
GET=Array
(
    [url] => profile
    [id] => 1
)
COOKIE=Array
(
    [PHPSESSID] => kjs1ksldlhqeebirbur94lvdal
)

---
REQUEST: 2026-03-29T05:58:09+02:00
URL=friends/send
SESSION=Array
(
    [user_id] => 2
    [username] => lilypichu
)
GET=Array
(
    [url] => friends/send
)
COOKIE=Array
(
    [PHPSESSID] => kjs1ksldlhqeebirbur94lvdal
)

---
REQUEST: 2026-03-29T05:58:09+02:00
URL=profile
SESSION=Array
(
    [user_id] => 2
    [username] => lilypichu
)
GET=Array
(
    [url] => profile
    [id] => 1
)
COOKIE=Array
(
    [PHPSESSID] => kjs1ksldlhqeebirbur94lvdal
)

---
REQUEST: 2026-03-29T05:58:11+02:00
URL=friends/send
SESSION=Array
(
    [user_id] => 2
    [username] => lilypichu
)
GET=Array
(
    [url] => friends/send
)
COOKIE=Array
(
    [PHPSESSID] => kjs1ksldlhqeebirbur94lvdal
)

---
REQUEST: 2026-03-29T05:58:11+02:00
URL=profile
SESSION=Array
(
    [user_id] => 2
    [username] => lilypichu
)
GET=Array
(
    [url] => profile
    [id] => 1
)
COOKIE=Array
(
    [PHPSESSID] => kjs1ksldlhqeebirbur94lvdal
)

---
REQUEST: 2026-03-29T05:58:12+02:00
URL=friends/send
SESSION=Array
(
    [user_id] => 2
    [username] => lilypichu
)
GET=Array
(
    [url] => friends/send
)
COOKIE=Array
(
    [PHPSESSID] => kjs1ksldlhqeebirbur94lvdal
)

---
REQUEST: 2026-03-29T05:58:12+02:00
URL=profile
SESSION=Array
(
    [user_id] => 2
    [username] => lilypichu
)
GET=Array
(
    [url] => profile
    [id] => 1
)
COOKIE=Array
(
    [PHPSESSID] => kjs1ksldlhqeebirbur94lvdal
)

---
REQUEST: 2026-03-29T05:58:13+02:00
URL=friends/send
SESSION=Array
(
    [user_id] => 2
    [username] => lilypichu
)
GET=Array
(
    [url] => friends/send
)
COOKIE=Array
(
    [PHPSESSID] => kjs1ksldlhqeebirbur94lvdal
)

---
REQUEST: 2026-03-29T05:58:13+02:00
URL=profile
SESSION=Array
(
    [user_id] => 2
    [username] => lilypichu
)
GET=Array
(
    [url] => profile
    [id] => 1
)
COOKIE=Array
(
    [PHPSESSID] => kjs1ksldlhqeebirbur94lvdal
)

---
REQUEST: 2026-03-29T05:58:14+02:00
URL=friends/send
SESSION=Array
(
    [user_id] => 2
    [username] => lilypichu
)
GET=Array
(
    [url] => friends/send
)
COOKIE=Array
(
    [PHPSESSID] => kjs1ksldlhqeebirbur94lvdal
)

---
REQUEST: 2026-03-29T05:58:14+02:00
URL=profile
SESSION=Array
(
    [user_id] => 2
    [username] => lilypichu
)
GET=Array
(
    [url] => profile
    [id] => 1
)
COOKIE=Array
(
    [PHPSESSID] => kjs1ksldlhqeebirbur94lvdal
)

---
REQUEST: 2026-03-29T05:58:18+02:00
URL=friends/send
SESSION=Array
(
    [user_id] => 2
    [username] => lilypichu
)
GET=Array
(
    [url] => friends/send
)
COOKIE=Array
(
    [PHPSESSID] => kjs1ksldlhqeebirbur94lvdal
)

---
REQUEST: 2026-03-29T05:58:18+02:00
URL=profile
SESSION=Array
(
    [user_id] => 2
    [username] => lilypichu
)
GET=Array
(
    [url] => profile
    [id] => 1
)
COOKIE=Array
(
    [PHPSESSID] => kjs1ksldlhqeebirbur94lvdal
)

---
REQUEST: 2026-03-29T06:31:15+02:00
URL=friends/send
SESSION=Array
(
    [user_id] => 2
    [username] => lilypichu
)
GET=Array
(
    [url] => friends/send
)
COOKIE=Array
(
    [PHPSESSID] => kjs1ksldlhqeebirbur94lvdal
)

---
REQUEST: 2026-03-29T06:31:15+02:00
URL=profile
SESSION=Array
(
    [user_id] => 2
    [username] => lilypichu
    [flash] => Unable to send friend request. Please try again later.
)
GET=Array
(
    [url] => profile
    [id] => 1
)
COOKIE=Array
(
    [PHPSESSID] => kjs1ksldlhqeebirbur94lvdal
)

---
REQUEST: 2026-03-29T06:31:19+02:00
URL=friends/send
SESSION=Array
(
    [user_id] => 2
    [username] => lilypichu
)
GET=Array
(
    [url] => friends/send
)
COOKIE=Array
(
    [PHPSESSID] => kjs1ksldlhqeebirbur94lvdal
)

---
REQUEST: 2026-03-29T06:31:19+02:00
URL=profile
SESSION=Array
(
    [user_id] => 2
    [username] => lilypichu
    [flash] => Unable to send friend request. Please try again later.
)
GET=Array
(
    [url] => profile
    [id] => 1
)
COOKIE=Array
(
    [PHPSESSID] => kjs1ksldlhqeebirbur94lvdal
)

---
REQUEST: 2026-03-29T06:34:25+02:00
URL=profile
SESSION=Array
(
    [user_id] => 2
    [username] => lilypichu
)
GET=Array
(
    [url] => profile
    [id] => 1
)
COOKIE=Array
(
    [PHPSESSID] => kjs1ksldlhqeebirbur94lvdal
)

---
REQUEST: 2026-03-29T06:34:27+02:00
URL=friends/send
SESSION=Array
(
    [user_id] => 2
    [username] => lilypichu
)
GET=Array
(
    [url] => friends/send
)
COOKIE=Array
(
    [PHPSESSID] => kjs1ksldlhqeebirbur94lvdal
)

---
REQUEST: 2026-03-29T06:34:27+02:00
URL=profile
SESSION=Array
(
    [user_id] => 2
    [username] => lilypichu
    [flash] => Unable to send friend request. Please try again later.
)
GET=Array
(
    [url] => profile
    [id] => 1
)
COOKIE=Array
(
    [PHPSESSID] => kjs1ksldlhqeebirbur94lvdal
)

---
REQUEST: 2026-03-29T06:34:29+02:00
URL=friends/send
SESSION=Array
(
    [user_id] => 2
    [username] => lilypichu
)
GET=Array
(
    [url] => friends/send
)
COOKIE=Array
(
    [PHPSESSID] => kjs1ksldlhqeebirbur94lvdal
)

---
REQUEST: 2026-03-29T06:34:29+02:00
URL=profile
SESSION=Array
(
    [user_id] => 2
    [username] => lilypichu
    [flash] => Unable to send friend request. Please try again later.
)
GET=Array
(
    [url] => profile
    [id] => 1
)
COOKIE=Array
(
    [PHPSESSID] => kjs1ksldlhqeebirbur94lvdal
)

---
REQUEST: 2026-03-29T06:34:30+02:00
URL=friends/send
SESSION=Array
(
    [user_id] => 2
    [username] => lilypichu
)
GET=Array
(
    [url] => friends/send
)
COOKIE=Array
(
    [PHPSESSID] => kjs1ksldlhqeebirbur94lvdal
)

---
REQUEST: 2026-03-29T06:34:30+02:00
URL=profile
SESSION=Array
(
    [user_id] => 2
    [username] => lilypichu
    [flash] => Unable to send friend request. Please try again later.
)
GET=Array
(
    [url] => profile
    [id] => 1
)
COOKIE=Array
(
    [PHPSESSID] => kjs1ksldlhqeebirbur94lvdal
)

---
REQUEST: 2026-03-29T06:34:30+02:00
URL=friends/send
SESSION=Array
(
    [user_id] => 2
    [username] => lilypichu
)
GET=Array
(
    [url] => friends/send
)
COOKIE=Array
(
    [PHPSESSID] => kjs1ksldlhqeebirbur94lvdal
)

---
REQUEST: 2026-03-29T06:34:30+02:00
URL=profile
SESSION=Array
(
    [user_id] => 2
    [username] => lilypichu
    [flash] => Unable to send friend request. Please try again later.
)
GET=Array
(
    [url] => profile
    [id] => 1
)
COOKIE=Array
(
    [PHPSESSID] => kjs1ksldlhqeebirbur94lvdal
)

---
REQUEST: 2026-03-29T06:34:30+02:00
URL=friends/send
SESSION=Array
(
    [user_id] => 2
    [username] => lilypichu
)
GET=Array
(
    [url] => friends/send
)
COOKIE=Array
(
    [PHPSESSID] => kjs1ksldlhqeebirbur94lvdal
)

---
REQUEST: 2026-03-29T06:34:30+02:00
URL=profile
SESSION=Array
(
    [user_id] => 2
    [username] => lilypichu
    [flash] => Unable to send friend request. Please try again later.
)
GET=Array
(
    [url] => profile
    [id] => 1
)
COOKIE=Array
(
    [PHPSESSID] => kjs1ksldlhqeebirbur94lvdal
)

---
REQUEST: 2026-03-29T06:34:56+02:00
URL=
SESSION=Array
(
)
GET=Array
(
)
COOKIE=Array
(
)

---
REQUEST: 2026-03-29T06:35:06+02:00
URL=login
SESSION=Array
(
)
GET=Array
(
    [url] => login
)
COOKIE=Array
(
    [PHPSESSID] => mtgbvm6ra5irgebhrnhofhavdd
)

---
REQUEST: 2026-03-29T06:35:07+02:00
URL=newsfeed
SESSION=Array
(
    [user_id] => 2
    [username] => lilypichu
)
GET=Array
(
    [url] => newsfeed
)
COOKIE=Array
(
    [PHPSESSID] => mtgbvm6ra5irgebhrnhofhavdd
)

---
REQUEST: 2026-03-29T06:35:33+02:00
URL=profile
SESSION=Array
(
    [user_id] => 2
    [username] => lilypichu
)
GET=Array
(
    [url] => profile
    [id] => 1
)
COOKIE=Array
(
    [PHPSESSID] => mtgbvm6ra5irgebhrnhofhavdd
)

---
REQUEST: 2026-03-29T06:35:34+02:00
URL=friends/send
SESSION=Array
(
    [user_id] => 2
    [username] => lilypichu
)
GET=Array
(
    [url] => friends/send
)
COOKIE=Array
(
    [PHPSESSID] => mtgbvm6ra5irgebhrnhofhavdd
)

---
REQUEST: 2026-03-29T06:35:34+02:00
URL=profile
SESSION=Array
(
    [user_id] => 2
    [username] => lilypichu
    [flash] => Unable to send friend request. Please try again later.
)
GET=Array
(
    [url] => profile
    [id] => 1
)
COOKIE=Array
(
    [PHPSESSID] => mtgbvm6ra5irgebhrnhofhavdd
)

---
REQUEST: 2026-03-29T06:37:35+02:00
URL=profile
SESSION=Array
(
    [user_id] => 2
    [username] => lilypichu
)
GET=Array
(
    [url] => profile
    [id] => 1
)
COOKIE=Array
(
    [PHPSESSID] => mtgbvm6ra5irgebhrnhofhavdd
)

---
REQUEST: 2026-03-29T06:37:37+02:00
URL=friends/send
SESSION=Array
(
    [user_id] => 2
    [username] => lilypichu
)
GET=Array
(
    [url] => friends/send
)
COOKIE=Array
(
    [PHPSESSID] => mtgbvm6ra5irgebhrnhofhavdd
)

---
REQUEST: 2026-03-29T06:37:37+02:00
URL=profile
SESSION=Array
(
    [user_id] => 2
    [username] => lilypichu
    [flash] => Friend request sent.
)
GET=Array
(
    [url] => profile
    [id] => 1
)
COOKIE=Array
(
    [PHPSESSID] => mtgbvm6ra5irgebhrnhofhavdd
)

---
REQUEST: 2026-03-29T06:37:43+02:00
URL=logout
SESSION=Array
(
    [user_id] => 2
    [username] => lilypichu
)
GET=Array
(
    [url] => logout
)
COOKIE=Array
(
    [PHPSESSID] => mtgbvm6ra5irgebhrnhofhavdd
)

---
REQUEST: 2026-03-29T06:37:43+02:00
URL=login
SESSION=Array
(
)
GET=Array
(
    [url] => login
)
COOKIE=Array
(
    [PHPSESSID] => mtgbvm6ra5irgebhrnhofhavdd
)

---
REQUEST: 2026-03-29T06:37:53+02:00
URL=login
SESSION=Array
(
)
GET=Array
(
    [url] => login
)
COOKIE=Array
(
    [PHPSESSID] => mtgbvm6ra5irgebhrnhofhavdd
)

---
REQUEST: 2026-03-29T06:37:53+02:00
URL=newsfeed
SESSION=Array
(
    [user_id] => 1
    [username] => stevenhunderson
)
GET=Array
(
    [url] => newsfeed
)
COOKIE=Array
(
    [PHPSESSID] => mtgbvm6ra5irgebhrnhofhavdd
)

---
REQUEST: 2026-03-29T06:37:57+02:00
URL=profile
SESSION=Array
(
    [user_id] => 1
    [username] => stevenhunderson
)
GET=Array
(
    [url] => profile
)
COOKIE=Array
(
    [PHPSESSID] => mtgbvm6ra5irgebhrnhofhavdd
)

---
REQUEST: 2026-03-29T06:38:01+02:00
URL=newsfeed
SESSION=Array
(
    [user_id] => 1
    [username] => stevenhunderson
)
GET=Array
(
    [url] => newsfeed
)
COOKIE=Array
(
    [PHPSESSID] => mtgbvm6ra5irgebhrnhofhavdd
)

---
REQUEST: 2026-03-29T06:38:07+02:00
URL=profile
SESSION=Array
(
    [user_id] => 1
    [username] => stevenhunderson
)
GET=Array
(
    [url] => profile
)
COOKIE=Array
(
    [PHPSESSID] => mtgbvm6ra5irgebhrnhofhavdd
)

---
REQUEST: 2026-03-29T06:38:16+02:00
URL=search
SESSION=Array
(
    [user_id] => 1
    [username] => stevenhunderson
)
GET=Array
(
    [url] => search
    [q] => lilypichu
)
COOKIE=Array
(
    [PHPSESSID] => mtgbvm6ra5irgebhrnhofhavdd
)

---
REQUEST: 2026-03-29T06:38:18+02:00
URL=profile
SESSION=Array
(
    [user_id] => 1
    [username] => stevenhunderson
)
GET=Array
(
    [url] => profile
    [user_id] => 2
)
COOKIE=Array
(
    [PHPSESSID] => mtgbvm6ra5irgebhrnhofhavdd
)

---
REQUEST: 2026-03-29T06:45:05+02:00
URL=profile
SESSION=Array
(
    [user_id] => 1
    [username] => stevenhunderson
)
GET=Array
(
    [url] => profile
    [user_id] => 2
)
COOKIE=Array
(
    [PHPSESSID] => mtgbvm6ra5irgebhrnhofhavdd
)

---
REQUEST: 2026-03-29T06:45:07+02:00
URL=friends
SESSION=Array
(
    [user_id] => 1
    [username] => stevenhunderson
)
GET=Array
(
    [url] => friends
)
COOKIE=Array
(
    [PHPSESSID] => mtgbvm6ra5irgebhrnhofhavdd
)

---
REQUEST: 2026-03-29T06:45:10+02:00
URL=friends
SESSION=Array
(
    [user_id] => 1
    [username] => stevenhunderson
)
GET=Array
(
    [url] => friends
    [tab] => requests
)
COOKIE=Array
(
    [PHPSESSID] => mtgbvm6ra5irgebhrnhofhavdd
)

---
REQUEST: 2026-03-29T06:45:12+02:00
URL=friends/accept
SESSION=Array
(
    [user_id] => 1
    [username] => stevenhunderson
)
GET=Array
(
    [url] => friends/accept
)
COOKIE=Array
(
    [PHPSESSID] => mtgbvm6ra5irgebhrnhofhavdd
)

---
REQUEST: 2026-03-29T06:45:13+02:00
URL=friends
SESSION=Array
(
    [user_id] => 1
    [username] => stevenhunderson
)
GET=Array
(
    [url] => friends
    [tab] => requests
)
COOKIE=Array
(
    [PHPSESSID] => mtgbvm6ra5irgebhrnhofhavdd
)

---
REQUEST: 2026-03-29T06:45:14+02:00
URL=friends
SESSION=Array
(
    [user_id] => 1
    [username] => stevenhunderson
)
GET=Array
(
    [url] => friends
    [tab] => list
)
COOKIE=Array
(
    [PHPSESSID] => mtgbvm6ra5irgebhrnhofhavdd
)

---
REQUEST: 2026-03-29T06:45:17+02:00
URL=newsfeed
SESSION=Array
(
    [user_id] => 1
    [username] => stevenhunderson
)
GET=Array
(
    [url] => newsfeed
)
COOKIE=Array
(
    [PHPSESSID] => mtgbvm6ra5irgebhrnhofhavdd
)

---
REQUEST: 2026-03-29T06:47:46+02:00
URL=posts/store
SESSION=Array
(
    [user_id] => 1
    [username] => stevenhunderson
)
GET=Array
(
    [url] => posts/store
)
COOKIE=Array
(
    [PHPSESSID] => mtgbvm6ra5irgebhrnhofhavdd
)

---
REQUEST: 2026-03-29T06:47:46+02:00
URL=newsfeed
SESSION=Array
(
    [user_id] => 1
    [username] => stevenhunderson
)
GET=Array
(
    [url] => newsfeed
)
COOKIE=Array
(
    [PHPSESSID] => mtgbvm6ra5irgebhrnhofhavdd
)

---
REQUEST: 2026-03-29T06:48:01+02:00
URL=posts/edit
SESSION=Array
(
    [user_id] => 1
    [username] => stevenhunderson
)
GET=Array
(
    [url] => posts/edit
    [id] => 2
)
COOKIE=Array
(
    [PHPSESSID] => mtgbvm6ra5irgebhrnhofhavdd
)

---
REQUEST: 2026-03-29T06:48:07+02:00
URL=newsfeed
SESSION=Array
(
    [user_id] => 1
    [username] => stevenhunderson
)
GET=Array
(
    [url] => newsfeed
)
COOKIE=Array
(
    [PHPSESSID] => mtgbvm6ra5irgebhrnhofhavdd
)

---
REQUEST: 2026-03-29T06:48:14+02:00
URL=friends
SESSION=Array
(
    [user_id] => 1
    [username] => stevenhunderson
)
GET=Array
(
    [url] => friends
)
COOKIE=Array
(
    [PHPSESSID] => mtgbvm6ra5irgebhrnhofhavdd
)

---
REQUEST: 2026-03-29T06:48:15+02:00
URL=profile
SESSION=Array
(
    [user_id] => 1
    [username] => stevenhunderson
)
GET=Array
(
    [url] => profile
)
COOKIE=Array
(
    [PHPSESSID] => mtgbvm6ra5irgebhrnhofhavdd
)

---
REQUEST: 2026-03-29T06:48:15+02:00
URL=newsfeed
SESSION=Array
(
    [user_id] => 1
    [username] => stevenhunderson
)
GET=Array
(
    [url] => newsfeed
)
COOKIE=Array
(
    [PHPSESSID] => mtgbvm6ra5irgebhrnhofhavdd
)

---
REQUEST: 2026-03-29T06:48:17+02:00
URL=logout
SESSION=Array
(
    [user_id] => 1
    [username] => stevenhunderson
)
GET=Array
(
    [url] => logout
)
COOKIE=Array
(
    [PHPSESSID] => mtgbvm6ra5irgebhrnhofhavdd
)

---
REQUEST: 2026-03-29T06:48:17+02:00
URL=login
SESSION=Array
(
)
GET=Array
(
    [url] => login
)
COOKIE=Array
(
    [PHPSESSID] => mtgbvm6ra5irgebhrnhofhavdd
)

---
REQUEST: 2026-03-29T06:48:24+02:00
URL=login
SESSION=Array
(
)
GET=Array
(
    [url] => login
)
COOKIE=Array
(
    [PHPSESSID] => mtgbvm6ra5irgebhrnhofhavdd
)

---
REQUEST: 2026-03-29T06:48:24+02:00
URL=newsfeed
SESSION=Array
(
    [user_id] => 2
    [username] => lilypichu
)
GET=Array
(
    [url] => newsfeed
)
COOKIE=Array
(
    [PHPSESSID] => mtgbvm6ra5irgebhrnhofhavdd
)

---
REQUEST: 2026-03-29T06:48:35+02:00
URL=profile
SESSION=Array
(
    [user_id] => 2
    [username] => lilypichu
)
GET=Array
(
    [url] => profile
)
COOKIE=Array
(
    [PHPSESSID] => mtgbvm6ra5irgebhrnhofhavdd
)

---
REQUEST: 2026-03-29T06:48:37+02:00
URL=profile/edit
SESSION=Array
(
    [user_id] => 2
    [username] => lilypichu
)
GET=Array
(
    [url] => profile/edit
)
COOKIE=Array
(
    [PHPSESSID] => mtgbvm6ra5irgebhrnhofhavdd
)

---
REQUEST: 2026-03-29T06:48:39+02:00
URL=friends
SESSION=Array
(
    [user_id] => 2
    [username] => lilypichu
)
GET=Array
(
    [url] => friends
)
COOKIE=Array
(
    [PHPSESSID] => mtgbvm6ra5irgebhrnhofhavdd
)

---
REQUEST: 2026-03-29T06:57:09+02:00
URL=friends
SESSION=Array
(
    [user_id] => 2
    [username] => lilypichu
)
GET=Array
(
    [url] => friends
)
COOKIE=Array
(
    [PHPSESSID] => mtgbvm6ra5irgebhrnhofhavdd
)

---
REQUEST: 2026-03-29T06:57:12+02:00
URL=profile
SESSION=Array
(
    [user_id] => 2
    [username] => lilypichu
)
GET=Array
(
    [url] => profile
    [id] => 1
)
COOKIE=Array
(
    [PHPSESSID] => mtgbvm6ra5irgebhrnhofhavdd
)

---
REQUEST: 2026-03-29T06:57:19+02:00
URL=likes/toggle
SESSION=Array
(
    [user_id] => 2
    [username] => lilypichu
)
GET=Array
(
    [url] => likes/toggle
)
COOKIE=Array
(
    [PHPSESSID] => mtgbvm6ra5irgebhrnhofhavdd
)

---
REQUEST: 2026-03-29T06:57:19+02:00
URL=newsfeed
SESSION=Array
(
    [user_id] => 2
    [username] => lilypichu
)
GET=Array
(
    [url] => newsfeed
)
COOKIE=Array
(
    [PHPSESSID] => mtgbvm6ra5irgebhrnhofhavdd
)

---
REQUEST: 2026-03-29T06:57:25+02:00
URL=newsfeed
SESSION=Array
(
    [user_id] => 2
    [username] => lilypichu
)
GET=Array
(
    [url] => newsfeed
)
COOKIE=Array
(
    [PHPSESSID] => mtgbvm6ra5irgebhrnhofhavdd
)

---
REQUEST: 2026-03-29T06:57:28+02:00
URL=logout
SESSION=Array
(
    [user_id] => 2
    [username] => lilypichu
)
GET=Array
(
    [url] => logout
)
COOKIE=Array
(
    [PHPSESSID] => mtgbvm6ra5irgebhrnhofhavdd
)

---
REQUEST: 2026-03-29T06:57:28+02:00
URL=login
SESSION=Array
(
)
GET=Array
(
    [url] => login
)
COOKIE=Array
(
    [PHPSESSID] => mtgbvm6ra5irgebhrnhofhavdd
)

---
REQUEST: 2026-03-29T06:57:34+02:00
URL=login
SESSION=Array
(
)
GET=Array
(
    [url] => login
)
COOKIE=Array
(
    [PHPSESSID] => mtgbvm6ra5irgebhrnhofhavdd
)

---
REQUEST: 2026-03-29T06:57:34+02:00
URL=newsfeed
SESSION=Array
(
    [user_id] => 2
    [username] => lilypichu
)
GET=Array
(
    [url] => newsfeed
)
COOKIE=Array
(
    [PHPSESSID] => mtgbvm6ra5irgebhrnhofhavdd
)

---
REQUEST: 2026-03-29T06:59:27+02:00
URL=posts/store
SESSION=Array
(
    [user_id] => 2
    [username] => lilypichu
)
GET=Array
(
    [url] => posts/store
)
COOKIE=Array
(
    [PHPSESSID] => mtgbvm6ra5irgebhrnhofhavdd
)

---
REQUEST: 2026-03-29T06:59:27+02:00
URL=newsfeed
SESSION=Array
(
    [user_id] => 2
    [username] => lilypichu
    [flash_error] => Image too large. Maximum is 4MB.
)
GET=Array
(
    [url] => newsfeed
)
COOKIE=Array
(
    [PHPSESSID] => mtgbvm6ra5irgebhrnhofhavdd
)

---
REQUEST: 2026-03-29T06:59:51+02:00
URL=newsfeed
SESSION=Array
(
    [user_id] => 2
    [username] => lilypichu
)
GET=Array
(
    [url] => newsfeed
)
COOKIE=Array
(
    [PHPSESSID] => mtgbvm6ra5irgebhrnhofhavdd
)

---
REQUEST: 2026-03-29T07:00:39+02:00
URL=posts/store
SESSION=Array
(
    [user_id] => 2
    [username] => lilypichu
)
GET=Array
(
    [url] => posts/store
)
COOKIE=Array
(
    [PHPSESSID] => mtgbvm6ra5irgebhrnhofhavdd
)

---
REQUEST: 2026-03-29T07:00:40+02:00
URL=newsfeed
SESSION=Array
(
    [user_id] => 2
    [username] => lilypichu
)
GET=Array
(
    [url] => newsfeed
)
COOKIE=Array
(
    [PHPSESSID] => mtgbvm6ra5irgebhrnhofhavdd
)

---
REQUEST: 2026-03-29T07:00:48+02:00
URL=logout
SESSION=Array
(
    [user_id] => 2
    [username] => lilypichu
)
GET=Array
(
    [url] => logout
)
COOKIE=Array
(
    [PHPSESSID] => mtgbvm6ra5irgebhrnhofhavdd
)

---
REQUEST: 2026-03-29T07:00:48+02:00
URL=login
SESSION=Array
(
)
GET=Array
(
    [url] => login
)
COOKIE=Array
(
    [PHPSESSID] => mtgbvm6ra5irgebhrnhofhavdd
)

---
REQUEST: 2026-03-29T07:00:54+02:00
URL=login
SESSION=Array
(
)
GET=Array
(
    [url] => login
)
COOKIE=Array
(
    [PHPSESSID] => mtgbvm6ra5irgebhrnhofhavdd
)

---
REQUEST: 2026-03-29T07:00:54+02:00
URL=newsfeed
SESSION=Array
(
    [user_id] => 1
    [username] => stevenhunderson
)
GET=Array
(
    [url] => newsfeed
)
COOKIE=Array
(
    [PHPSESSID] => mtgbvm6ra5irgebhrnhofhavdd
)

---
REQUEST: 2026-03-29T07:00:58+02:00
URL=likes/toggle
SESSION=Array
(
    [user_id] => 1
    [username] => stevenhunderson
)
GET=Array
(
    [url] => likes/toggle
)
COOKIE=Array
(
    [PHPSESSID] => mtgbvm6ra5irgebhrnhofhavdd
)

---
REQUEST: 2026-03-29T07:00:59+02:00
URL=newsfeed
SESSION=Array
(
    [user_id] => 1
    [username] => stevenhunderson
)
GET=Array
(
    [url] => newsfeed
)
COOKIE=Array
(
    [PHPSESSID] => mtgbvm6ra5irgebhrnhofhavdd
)

---
REQUEST: 2026-03-29T07:17:09+02:00
URL=newsfeed
SESSION=Array
(
    [user_id] => 1
    [username] => stevenhunderson
)
GET=Array
(
    [url] => newsfeed
)
COOKIE=Array
(
    [PHPSESSID] => mtgbvm6ra5irgebhrnhofhavdd
)

---
REQUEST: 2026-03-29T07:17:50+02:00
URL=newsfeed
SESSION=Array
(
    [user_id] => 1
    [username] => stevenhunderson
)
GET=Array
(
    [url] => newsfeed
)
COOKIE=Array
(
    [PHPSESSID] => mtgbvm6ra5irgebhrnhofhavdd
)

---
REQUEST: 2026-03-29T07:17:51+02:00
URL=newsfeed
SESSION=Array
(
    [user_id] => 1
    [username] => stevenhunderson
)
GET=Array
(
    [url] => newsfeed
)
COOKIE=Array
(
    [PHPSESSID] => mtgbvm6ra5irgebhrnhofhavdd
)

---
REQUEST: 2026-03-29T07:22:43+02:00
URL=newsfeed
SESSION=Array
(
    [user_id] => 1
    [username] => stevenhunderson
)
GET=Array
(
    [url] => newsfeed
)
COOKIE=Array
(
    [PHPSESSID] => mtgbvm6ra5irgebhrnhofhavdd
)

---
REQUEST: 2026-03-29T07:27:45+02:00
URL=newsfeed
SESSION=Array
(
    [user_id] => 1
    [username] => stevenhunderson
)
GET=Array
(
    [url] => newsfeed
)
COOKIE=Array
(
    [PHPSESSID] => mtgbvm6ra5irgebhrnhofhavdd
)

---
REQUEST: 2026-03-29T07:29:31+02:00
URL=posts/store
SESSION=Array
(
    [user_id] => 1
    [username] => stevenhunderson
)
GET=Array
(
    [url] => posts/store
)
COOKIE=Array
(
    [PHPSESSID] => mtgbvm6ra5irgebhrnhofhavdd
)

---
REQUEST: 2026-03-29T07:29:32+02:00
URL=newsfeed
SESSION=Array
(
    [user_id] => 1
    [username] => stevenhunderson
)
GET=Array
(
    [url] => newsfeed
)
COOKIE=Array
(
    [PHPSESSID] => mtgbvm6ra5irgebhrnhofhavdd
)

---
REQUEST: 2026-03-29T07:29:39+02:00
URL=posts/delete
SESSION=Array
(
    [user_id] => 1
    [username] => stevenhunderson
)
GET=Array
(
    [url] => posts/delete
)
COOKIE=Array
(
    [PHPSESSID] => mtgbvm6ra5irgebhrnhofhavdd
)

---
REQUEST: 2026-03-29T07:29:40+02:00
URL=newsfeed
SESSION=Array
(
    [user_id] => 1
    [username] => stevenhunderson
)
GET=Array
(
    [url] => newsfeed
)
COOKIE=Array
(
    [PHPSESSID] => mtgbvm6ra5irgebhrnhofhavdd
)

---
REQUEST: 2026-03-29T07:42:55+02:00
URL=newsfeed
SESSION=Array
(
    [user_id] => 1
    [username] => stevenhunderson
)
GET=Array
(
    [url] => newsfeed
)
COOKIE=Array
(
    [PHPSESSID] => mtgbvm6ra5irgebhrnhofhavdd
)

---
REQUEST: 2026-03-29T07:42:59+02:00
URL=profile
SESSION=Array
(
    [user_id] => 1
    [username] => stevenhunderson
)
GET=Array
(
    [url] => profile
    [id] => 2
)
COOKIE=Array
(
    [PHPSESSID] => mtgbvm6ra5irgebhrnhofhavdd
)

---
REQUEST: 2026-03-29T07:43:05+02:00
URL=newsfeed
SESSION=Array
(
    [user_id] => 1
    [username] => stevenhunderson
)
GET=Array
(
    [url] => newsfeed
)
COOKIE=Array
(
    [PHPSESSID] => mtgbvm6ra5irgebhrnhofhavdd
)

---
REQUEST: 2026-03-29T07:43:35+02:00
URL=posts/store
SESSION=Array
(
    [user_id] => 1
    [username] => stevenhunderson
)
GET=Array
(
    [url] => posts/store
)
COOKIE=Array
(
    [PHPSESSID] => mtgbvm6ra5irgebhrnhofhavdd
)

---
REQUEST: 2026-03-29T07:43:35+02:00
URL=newsfeed
SESSION=Array
(
    [user_id] => 1
    [username] => stevenhunderson
)
GET=Array
(
    [url] => newsfeed
)
COOKIE=Array
(
    [PHPSESSID] => mtgbvm6ra5irgebhrnhofhavdd
)

---
REQUEST: 2026-03-29T07:45:49+02:00
URL=profile
SESSION=Array
(
    [user_id] => 1
    [username] => stevenhunderson
)
GET=Array
(
    [url] => profile
    [id] => 1
)
COOKIE=Array
(
    [PHPSESSID] => mtgbvm6ra5irgebhrnhofhavdd
)

---
REQUEST: 2026-03-29T07:49:29+02:00
URL=profile
SESSION=Array
(
    [user_id] => 1
    [username] => stevenhunderson
)
GET=Array
(
    [url] => profile
    [id] => 1
)
COOKIE=Array
(
    [PHPSESSID] => mtgbvm6ra5irgebhrnhofhavdd
)

---
REQUEST: 2026-03-29T07:49:31+02:00
URL=profile
SESSION=Array
(
    [user_id] => 1
    [username] => stevenhunderson
)
GET=Array
(
    [url] => profile
    [id] => 1
)
COOKIE=Array
(
    [PHPSESSID] => mtgbvm6ra5irgebhrnhofhavdd
)

---
REQUEST: 2026-03-29T07:49:32+02:00
URL=profile
SESSION=Array
(
    [user_id] => 1
    [username] => stevenhunderson
)
GET=Array
(
    [url] => profile
    [id] => 1
)
COOKIE=Array
(
    [PHPSESSID] => mtgbvm6ra5irgebhrnhofhavdd
)

---
REQUEST: 2026-03-29T07:49:33+02:00
URL=profile
SESSION=Array
(
    [user_id] => 1
    [username] => stevenhunderson
)
GET=Array
(
    [url] => profile
    [id] => 1
)
COOKIE=Array
(
    [PHPSESSID] => mtgbvm6ra5irgebhrnhofhavdd
)

---
REQUEST: 2026-03-29T07:49:33+02:00
URL=profile
SESSION=Array
(
    [user_id] => 1
    [username] => stevenhunderson
)
GET=Array
(
    [url] => profile
    [id] => 1
)
COOKIE=Array
(
    [PHPSESSID] => mtgbvm6ra5irgebhrnhofhavdd
)

---
REQUEST: 2026-03-29T07:49:33+02:00
URL=profile
SESSION=Array
(
    [user_id] => 1
    [username] => stevenhunderson
)
GET=Array
(
    [url] => profile
    [id] => 1
)
COOKIE=Array
(
    [PHPSESSID] => mtgbvm6ra5irgebhrnhofhavdd
)

---
REQUEST: 2026-03-29T07:49:34+02:00
URL=profile
SESSION=Array
(
    [user_id] => 1
    [username] => stevenhunderson
)
GET=Array
(
    [url] => profile
    [id] => 1
)
COOKIE=Array
(
    [PHPSESSID] => mtgbvm6ra5irgebhrnhofhavdd
)

---
REQUEST: 2026-03-29T07:49:34+02:00
URL=profile
SESSION=Array
(
    [user_id] => 1
    [username] => stevenhunderson
)
GET=Array
(
    [url] => profile
    [id] => 1
)
COOKIE=Array
(
    [PHPSESSID] => mtgbvm6ra5irgebhrnhofhavdd
)

---
REQUEST: 2026-03-29T07:49:34+02:00
URL=profile
SESSION=Array
(
    [user_id] => 1
    [username] => stevenhunderson
)
GET=Array
(
    [url] => profile
    [id] => 1
)
COOKIE=Array
(
    [PHPSESSID] => mtgbvm6ra5irgebhrnhofhavdd
)

---
REQUEST: 2026-03-29T07:49:35+02:00
URL=newsfeed
SESSION=Array
(
    [user_id] => 1
    [username] => stevenhunderson
)
GET=Array
(
    [url] => newsfeed
)
COOKIE=Array
(
    [PHPSESSID] => mtgbvm6ra5irgebhrnhofhavdd
)

---
REQUEST: 2026-03-29T07:49:43+02:00
URL=logout
SESSION=Array
(
    [user_id] => 1
    [username] => stevenhunderson
)
GET=Array
(
    [url] => logout
)
COOKIE=Array
(
    [PHPSESSID] => mtgbvm6ra5irgebhrnhofhavdd
)

---
REQUEST: 2026-03-29T07:49:43+02:00
URL=login
SESSION=Array
(
)
GET=Array
(
    [url] => login
)
COOKIE=Array
(
    [PHPSESSID] => mtgbvm6ra5irgebhrnhofhavdd
)

---
REQUEST: 2026-03-29T07:49:44+02:00
URL=register
SESSION=Array
(
)
GET=Array
(
    [url] => register
)
COOKIE=Array
(
    [PHPSESSID] => mtgbvm6ra5irgebhrnhofhavdd
)

---
REQUEST: 2026-03-29T07:50:02+02:00
URL=register
SESSION=Array
(
)
GET=Array
(
    [url] => register
)
COOKIE=Array
(
    [PHPSESSID] => mtgbvm6ra5irgebhrnhofhavdd
)

---
REQUEST: 2026-03-29T07:50:02+02:00
URL=register
SESSION=Array
(
    [signup] => Array
        (
            [full_name] => francis dean requioma
            [username] => francisdeanrequioma
            [password] => Allure7896
        )

)
GET=Array
(
    [url] => register
    [step] => 2
)
COOKIE=Array
(
    [PHPSESSID] => mtgbvm6ra5irgebhrnhofhavdd
)

---
REQUEST: 2026-03-29T07:51:57+02:00
URL=register
SESSION=Array
(
    [signup] => Array
        (
            [full_name] => francis dean requioma
            [username] => francisdeanrequioma
            [password] => Allure7896
        )

)
GET=Array
(
    [url] => register
)
COOKIE=Array
(
    [PHPSESSID] => mtgbvm6ra5irgebhrnhofhavdd
)

---
REQUEST: 2026-03-29T07:51:57+02:00
URL=register
SESSION=Array
(
    [signup] => Array
        (
            [full_name] => francis dean requioma
            [username] => francisdeanrequioma
            [password] => Allure7896
            [street] => Purok 3
            [barangay] => Mabini
            [city] => Cabadbaran City
            [province] => Agusan del Norte
            [country] => Philippines
            [postal_code] => 8605
            [phone] => 09982617331
            [birthdate] => 2002-02-11
        )

)
GET=Array
(
    [url] => register
    [step] => 3
)
COOKIE=Array
(
    [PHPSESSID] => mtgbvm6ra5irgebhrnhofhavdd
)

---
REQUEST: 2026-03-29T07:53:15+02:00
URL=register
SESSION=Array
(
    [signup] => Array
        (
            [full_name] => francis dean requioma
            [username] => francisdeanrequioma
            [password] => Allure7896
            [street] => Purok 3
            [barangay] => Mabini
            [city] => Cabadbaran City
            [province] => Agusan del Norte
            [country] => Philippines
            [postal_code] => 8605
            [phone] => 09982617331
            [birthdate] => 2002-02-11
        )

)
GET=Array
(
    [url] => register
)
COOKIE=Array
(
    [PHPSESSID] => mtgbvm6ra5irgebhrnhofhavdd
)

---
REQUEST: 2026-03-29T07:53:16+02:00
URL=login
SESSION=Array
(
)
GET=Array
(
    [url] => login
    [msg] => registered
)
COOKIE=Array
(
    [PHPSESSID] => mtgbvm6ra5irgebhrnhofhavdd
)

---
REQUEST: 2026-03-29T07:53:21+02:00
URL=login
SESSION=Array
(
)
GET=Array
(
    [url] => login
)
COOKIE=Array
(
    [PHPSESSID] => mtgbvm6ra5irgebhrnhofhavdd
)

---
REQUEST: 2026-03-29T07:53:25+02:00
URL=recover
SESSION=Array
(
)
GET=Array
(
    [url] => recover
    [username] => francisdeanrequioma
)
COOKIE=Array
(
    [PHPSESSID] => mtgbvm6ra5irgebhrnhofhavdd
)

---
REQUEST: 2026-03-29T07:53:28+02:00
URL=recover
SESSION=Array
(
)
GET=Array
(
    [url] => recover
)
COOKIE=Array
(
    [PHPSESSID] => mtgbvm6ra5irgebhrnhofhavdd
)

---
REQUEST: 2026-03-29T07:53:42+02:00
URL=recover
SESSION=Array
(
)
GET=Array
(
    [url] => recover
)
COOKIE=Array
(
    [PHPSESSID] => mtgbvm6ra5irgebhrnhofhavdd
)

---
REQUEST: 2026-03-29T07:53:56+02:00
URL=recover
SESSION=Array
(
    [recover_user] => 3
)
GET=Array
(
    [url] => recover
)
COOKIE=Array
(
    [PHPSESSID] => mtgbvm6ra5irgebhrnhofhavdd
)

---
REQUEST: 2026-03-29T07:53:56+02:00
URL=login
SESSION=Array
(
)
GET=Array
(
    [url] => login
    [msg] => password_reset
)
COOKIE=Array
(
    [PHPSESSID] => mtgbvm6ra5irgebhrnhofhavdd
)

---
REQUEST: 2026-03-29T07:54:04+02:00
URL=login
SESSION=Array
(
)
GET=Array
(
    [url] => login
)
COOKIE=Array
(
    [PHPSESSID] => mtgbvm6ra5irgebhrnhofhavdd
)

---
REQUEST: 2026-03-29T07:54:04+02:00
URL=newsfeed
SESSION=Array
(
    [user_id] => 3
    [username] => francisdeanrequioma
)
GET=Array
(
    [url] => newsfeed
)
COOKIE=Array
(
    [PHPSESSID] => mtgbvm6ra5irgebhrnhofhavdd
)

---
REQUEST: 2026-03-29T07:54:08+02:00
URL=profile
SESSION=Array
(
    [user_id] => 3
    [username] => francisdeanrequioma
)
GET=Array
(
    [url] => profile
)
COOKIE=Array
(
    [PHPSESSID] => mtgbvm6ra5irgebhrnhofhavdd
)

---
REQUEST: 2026-03-29T07:54:16+02:00
URL=newsfeed
SESSION=Array
(
    [user_id] => 3
    [username] => francisdeanrequioma
)
GET=Array
(
    [url] => newsfeed
)
COOKIE=Array
(
    [PHPSESSID] => mtgbvm6ra5irgebhrnhofhavdd
)

---
REQUEST: 2026-03-29T07:56:58+02:00
URL=newsfeed
SESSION=Array
(
    [user_id] => 3
    [username] => francisdeanrequioma
)
GET=Array
(
    [url] => newsfeed
)
COOKIE=Array
(
    [PHPSESSID] => mtgbvm6ra5irgebhrnhofhavdd
)

---
REQUEST: 2026-03-29T07:57:05+02:00
URL=logout
SESSION=Array
(
    [user_id] => 3
    [username] => francisdeanrequioma
)
GET=Array
(
    [url] => logout
)
COOKIE=Array
(
    [PHPSESSID] => mtgbvm6ra5irgebhrnhofhavdd
)

---
REQUEST: 2026-03-29T07:57:05+02:00
URL=login
SESSION=Array
(
)
GET=Array
(
    [url] => login
)
COOKIE=Array
(
    [PHPSESSID] => mtgbvm6ra5irgebhrnhofhavdd
)

---
REQUEST: 2026-03-29T07:57:32+02:00
URL=
SESSION=Array
(
)
GET=Array
(
)
COOKIE=Array
(
)

---
REQUEST: 2026-03-29T07:57:44+02:00
URL=login
SESSION=Array
(
)
GET=Array
(
    [url] => login
)
COOKIE=Array
(
    [PHPSESSID] => vulmntepsus0bvi9t1ba0a2qrd
)

---
REQUEST: 2026-03-29T07:57:44+02:00
URL=newsfeed
SESSION=Array
(
    [user_id] => 1
    [username] => stevenhunderson
)
GET=Array
(
    [url] => newsfeed
)
COOKIE=Array
(
    [PHPSESSID] => vulmntepsus0bvi9t1ba0a2qrd
)

---
REQUEST: 2026-03-29T10:35:52+02:00
URL=
SESSION=Array
(
)
GET=Array
(
)
COOKIE=Array
(
)

---
REQUEST: 2026-03-29T10:36:03+02:00
URL=login
SESSION=Array
(
)
GET=Array
(
    [url] => login
)
COOKIE=Array
(
    [PHPSESSID] => uisbd6h6ks1bg2ddqs70qqi96a
)

---
REQUEST: 2026-03-29T10:36:03+02:00
URL=newsfeed
SESSION=Array
(
    [user_id] => 1
    [username] => stevenhunderson
)
GET=Array
(
    [url] => newsfeed
)
COOKIE=Array
(
    [PHPSESSID] => uisbd6h6ks1bg2ddqs70qqi96a
)

---
REQUEST: 2026-03-29T10:36:09+02:00
URL=posts/delete
SESSION=Array
(
    [user_id] => 1
    [username] => stevenhunderson
)
GET=Array
(
    [url] => posts/delete
)
COOKIE=Array
(
    [PHPSESSID] => uisbd6h6ks1bg2ddqs70qqi96a
)

---
REQUEST: 2026-03-29T10:36:09+02:00
URL=newsfeed
SESSION=Array
(
    [user_id] => 1
    [username] => stevenhunderson
)
GET=Array
(
    [url] => newsfeed
)
COOKIE=Array
(
    [PHPSESSID] => uisbd6h6ks1bg2ddqs70qqi96a
)

---
REQUEST: 2026-03-29T10:39:24+02:00
URL=profile
SESSION=Array
(
    [user_id] => 1
    [username] => stevenhunderson
)
GET=Array
(
    [url] => profile
    [id] => 2
)
COOKIE=Array
(
    [PHPSESSID] => uisbd6h6ks1bg2ddqs70qqi96a
)

---
REQUEST: 2026-03-29T10:39:29+02:00
URL=newsfeed
SESSION=Array
(
    [user_id] => 1
    [username] => stevenhunderson
)
GET=Array
(
    [url] => newsfeed
)
COOKIE=Array
(
    [PHPSESSID] => uisbd6h6ks1bg2ddqs70qqi96a
)

---
REQUEST: 2026-03-29T10:39:34+02:00
URL=profile
SESSION=Array
(
    [user_id] => 1
    [username] => stevenhunderson
)
GET=Array
(
    [url] => profile
    [id] => 1
)
COOKIE=Array
(
    [PHPSESSID] => uisbd6h6ks1bg2ddqs70qqi96a
)

---
REQUEST: 2026-03-29T10:39:38+02:00
URL=newsfeed
SESSION=Array
(
    [user_id] => 1
    [username] => stevenhunderson
)
GET=Array
(
    [url] => newsfeed
)
COOKIE=Array
(
    [PHPSESSID] => uisbd6h6ks1bg2ddqs70qqi96a
)

---
REQUEST: 2026-03-29T10:49:55+02:00
URL=newsfeed
SESSION=Array
(
    [user_id] => 1
    [username] => stevenhunderson
)
GET=Array
(
    [url] => newsfeed
)
COOKIE=Array
(
    [PHPSESSID] => uisbd6h6ks1bg2ddqs70qqi96a
)

---
REQUEST: 2026-03-29T10:50:46+02:00
URL=posts/store
SESSION=Array
(
    [user_id] => 1
    [username] => stevenhunderson
)
GET=Array
(
    [url] => posts/store
)
COOKIE=Array
(
    [PHPSESSID] => uisbd6h6ks1bg2ddqs70qqi96a
)

---
REQUEST: 2026-03-29T10:50:46+02:00
URL=newsfeed
SESSION=Array
(
    [user_id] => 1
    [username] => stevenhunderson
)
GET=Array
(
    [url] => newsfeed
)
COOKIE=Array
(
    [PHPSESSID] => uisbd6h6ks1bg2ddqs70qqi96a
)

---
REQUEST: 2026-03-29T10:54:33+02:00
URL=posts/delete
SESSION=Array
(
    [user_id] => 1
    [username] => stevenhunderson
)
GET=Array
(
    [url] => posts/delete
)
COOKIE=Array
(
    [PHPSESSID] => uisbd6h6ks1bg2ddqs70qqi96a
)

---
REQUEST: 2026-03-29T10:54:33+02:00
URL=newsfeed
SESSION=Array
(
    [user_id] => 1
    [username] => stevenhunderson
)
GET=Array
(
    [url] => newsfeed
)
COOKIE=Array
(
    [PHPSESSID] => uisbd6h6ks1bg2ddqs70qqi96a
)

---
REQUEST: 2026-03-29T10:55:20+02:00
URL=posts/store
SESSION=Array
(
    [user_id] => 1
    [username] => stevenhunderson
)
GET=Array
(
    [url] => posts/store
)
COOKIE=Array
(
    [PHPSESSID] => uisbd6h6ks1bg2ddqs70qqi96a
)

---
REQUEST: 2026-03-29T10:55:21+02:00
URL=newsfeed
SESSION=Array
(
    [user_id] => 1
    [username] => stevenhunderson
)
GET=Array
(
    [url] => newsfeed
)
COOKIE=Array
(
    [PHPSESSID] => uisbd6h6ks1bg2ddqs70qqi96a
)

---
REQUEST: 2026-03-29T11:19:05+02:00
URL=posts/store
SESSION=Array
(
    [user_id] => 1
    [username] => stevenhunderson
)
GET=Array
(
    [url] => posts/store
)
COOKIE=Array
(
    [PHPSESSID] => uisbd6h6ks1bg2ddqs70qqi96a
)

---
REQUEST: 2026-03-29T11:19:05+02:00
URL=newsfeed
SESSION=Array
(
    [user_id] => 1
    [username] => stevenhunderson
)
GET=Array
(
    [url] => newsfeed
)
COOKIE=Array
(
    [PHPSESSID] => uisbd6h6ks1bg2ddqs70qqi96a
)

---
REQUEST: 2026-03-29T11:19:37+02:00
URL=logout
SESSION=Array
(
    [user_id] => 1
    [username] => stevenhunderson
)
GET=Array
(
    [url] => logout
)
COOKIE=Array
(
    [PHPSESSID] => uisbd6h6ks1bg2ddqs70qqi96a
)

---
REQUEST: 2026-03-29T11:19:37+02:00
URL=login
SESSION=Array
(
)
GET=Array
(
    [url] => login
)
COOKIE=Array
(
    [PHPSESSID] => uisbd6h6ks1bg2ddqs70qqi96a
)

---
REQUEST: 2026-03-29T11:19:40+02:00
URL=login
SESSION=Array
(
)
GET=Array
(
    [url] => login
)
COOKIE=Array
(
    [PHPSESSID] => uisbd6h6ks1bg2ddqs70qqi96a
)

---
REQUEST: 2026-03-29T11:19:50+02:00
URL=login
SESSION=Array
(
)
GET=Array
(
    [url] => login
)
COOKIE=Array
(
    [PHPSESSID] => uisbd6h6ks1bg2ddqs70qqi96a
)

---
REQUEST: 2026-03-29T11:19:50+02:00
URL=newsfeed
SESSION=Array
(
    [user_id] => 2
    [username] => lilypichu
)
GET=Array
(
    [url] => newsfeed
)
COOKIE=Array
(
    [PHPSESSID] => uisbd6h6ks1bg2ddqs70qqi96a
)

---
REQUEST: 2026-03-29T11:20:10+02:00
URL=logout
SESSION=Array
(
    [user_id] => 2
    [username] => lilypichu
)
GET=Array
(
    [url] => logout
)
COOKIE=Array
(
    [PHPSESSID] => uisbd6h6ks1bg2ddqs70qqi96a
)

---
REQUEST: 2026-03-29T11:20:10+02:00
URL=login
SESSION=Array
(
)
GET=Array
(
    [url] => login
)
COOKIE=Array
(
    [PHPSESSID] => uisbd6h6ks1bg2ddqs70qqi96a
)

---
REQUEST: 2026-03-29T14:05:10+02:00
URL=
SESSION=Array
(
)
GET=Array
(
)
COOKIE=Array
(
)

---
REQUEST: 2026-03-29T14:05:19+02:00
URL=login
SESSION=Array
(
)
GET=Array
(
    [url] => login
)
COOKIE=Array
(
    [PHPSESSID] => 55ean1tv259dmnif26u7uoragc
)

---
REQUEST: 2026-03-29T14:05:19+02:00
URL=newsfeed
SESSION=Array
(
    [user_id] => 1
    [username] => stevenhunderson
)
GET=Array
(
    [url] => newsfeed
)
COOKIE=Array
(
    [PHPSESSID] => 55ean1tv259dmnif26u7uoragc
)

---
REQUEST: 2026-03-29T14:06:13+02:00
URL=profile
SESSION=Array
(
    [user_id] => 1
    [username] => stevenhunderson
)
GET=Array
(
    [url] => profile
)
COOKIE=Array
(
    [PHPSESSID] => 55ean1tv259dmnif26u7uoragc
)

---
REQUEST: 2026-03-29T14:06:14+02:00
URL=profile/edit
SESSION=Array
(
    [user_id] => 1
    [username] => stevenhunderson
)
GET=Array
(
    [url] => profile/edit
)
COOKIE=Array
(
    [PHPSESSID] => 55ean1tv259dmnif26u7uoragc
)

---
REQUEST: 2026-03-29T14:06:30+02:00
URL=profile/update
SESSION=Array
(
    [user_id] => 1
    [username] => stevenhunderson
)
GET=Array
(
    [url] => profile/update
)
COOKIE=Array
(
    [PHPSESSID] => 55ean1tv259dmnif26u7uoragc
)

---
REQUEST: 2026-03-29T14:06:30+02:00
URL=profile
SESSION=Array
(
    [user_id] => 1
    [username] => stevenhunderson
)
GET=Array
(
    [url] => profile
)
COOKIE=Array
(
    [PHPSESSID] => 55ean1tv259dmnif26u7uoragc
)

---
REQUEST: 2026-03-29T14:08:37+02:00
URL=profile
SESSION=Array
(
    [user_id] => 1
    [username] => stevenhunderson
)
GET=Array
(
    [url] => profile
)
COOKIE=Array
(
    [PHPSESSID] => 55ean1tv259dmnif26u7uoragc
)

---
REQUEST: 2026-03-29T14:08:48+02:00
URL=search
SESSION=Array
(
    [user_id] => 1
    [username] => stevenhunderson
)
GET=Array
(
    [url] => search
    [q] => lilypichu
)
COOKIE=Array
(
    [PHPSESSID] => 55ean1tv259dmnif26u7uoragc
)

---
REQUEST: 2026-03-29T14:08:50+02:00
URL=profile
SESSION=Array
(
    [user_id] => 1
    [username] => stevenhunderson
)
GET=Array
(
    [url] => profile
    [user_id] => 2
)
COOKIE=Array
(
    [PHPSESSID] => 55ean1tv259dmnif26u7uoragc
)

---
REQUEST: 2026-03-29T14:08:54+02:00
URL=search
SESSION=Array
(
    [user_id] => 1
    [username] => stevenhunderson
)
GET=Array
(
    [url] => search
    [q] => lilypichu
)
COOKIE=Array
(
    [PHPSESSID] => 55ean1tv259dmnif26u7uoragc
)

---
REQUEST: 2026-03-29T14:08:58+02:00
URL=profile
SESSION=Array
(
    [user_id] => 1
    [username] => stevenhunderson
)
GET=Array
(
    [url] => profile
    [user_id] => 2
)
COOKIE=Array
(
    [PHPSESSID] => 55ean1tv259dmnif26u7uoragc
)

---
REQUEST: 2026-03-29T14:09:02+02:00
URL=search
SESSION=Array
(
    [user_id] => 1
    [username] => stevenhunderson
)
GET=Array
(
    [url] => search
    [q] => lilypichu
)
COOKIE=Array
(
    [PHPSESSID] => 55ean1tv259dmnif26u7uoragc
)

---
REQUEST: 2026-03-29T14:12:38+02:00
URL=search
SESSION=Array
(
    [user_id] => 1
    [username] => stevenhunderson
)
GET=Array
(
    [url] => search
    [q] => lilypichu
)
COOKIE=Array
(
    [PHPSESSID] => 55ean1tv259dmnif26u7uoragc
)

---
REQUEST: 2026-03-29T14:12:40+02:00
URL=profile
SESSION=Array
(
    [user_id] => 1
    [username] => stevenhunderson
)
GET=Array
(
    [url] => profile
    [id] => 2
)
COOKIE=Array
(
    [PHPSESSID] => 55ean1tv259dmnif26u7uoragc
)

---
REQUEST: 2026-03-29T14:12:54+02:00
URL=profile
SESSION=Array
(
    [user_id] => 1
    [username] => stevenhunderson
)
GET=Array
(
    [url] => profile
)
COOKIE=Array
(
    [PHPSESSID] => 55ean1tv259dmnif26u7uoragc
)

---
REQUEST: 2026-03-29T14:12:55+02:00
URL=profile/edit
SESSION=Array
(
    [user_id] => 1
    [username] => stevenhunderson
)
GET=Array
(
    [url] => profile/edit
)
COOKIE=Array
(
    [PHPSESSID] => 55ean1tv259dmnif26u7uoragc
)

---
REQUEST: 2026-03-29T14:15:27+02:00
URL=profile/edit
SESSION=Array
(
    [user_id] => 1
    [username] => stevenhunderson
)
GET=Array
(
    [url] => profile/edit
)
COOKIE=Array
(
    [PHPSESSID] => 55ean1tv259dmnif26u7uoragc
)

---
REQUEST: 2026-03-29T14:15:42+02:00
URL=profile/update
SESSION=Array
(
    [user_id] => 1
    [username] => stevenhunderson
)
GET=Array
(
    [url] => profile/update
)
COOKIE=Array
(
    [PHPSESSID] => 55ean1tv259dmnif26u7uoragc
)

---
REQUEST: 2026-03-29T14:15:43+02:00
URL=profile
SESSION=Array
(
    [user_id] => 1
    [username] => ralphlystercabajes
)
GET=Array
(
    [url] => profile
)
COOKIE=Array
(
    [PHPSESSID] => 55ean1tv259dmnif26u7uoragc
)

---
REQUEST: 2026-03-29T14:15:55+02:00
URL=posts/delete
SESSION=Array
(
    [user_id] => 1
    [username] => ralphlystercabajes
)
GET=Array
(
    [url] => posts/delete
)
COOKIE=Array
(
    [PHPSESSID] => 55ean1tv259dmnif26u7uoragc
)

---
REQUEST: 2026-03-29T14:15:55+02:00
URL=newsfeed
SESSION=Array
(
    [user_id] => 1
    [username] => ralphlystercabajes
)
GET=Array
(
    [url] => newsfeed
)
COOKIE=Array
(
    [PHPSESSID] => 55ean1tv259dmnif26u7uoragc
)

---
REQUEST: 2026-03-29T14:16:06+02:00
URL=profile
SESSION=Array
(
    [user_id] => 1
    [username] => ralphlystercabajes
)
GET=Array
(
    [url] => profile
)
COOKIE=Array
(
    [PHPSESSID] => 55ean1tv259dmnif26u7uoragc
)

---
REQUEST: 2026-03-29T14:16:13+02:00
URL=newsfeed
SESSION=Array
(
    [user_id] => 1
    [username] => ralphlystercabajes
)
GET=Array
(
    [url] => newsfeed
)
COOKIE=Array
(
    [PHPSESSID] => 55ean1tv259dmnif26u7uoragc
)

---
REQUEST: 2026-03-29T14:16:20+02:00
URL=search
SESSION=Array
(
    [user_id] => 1
    [username] => ralphlystercabajes
)
GET=Array
(
    [url] => search
    [q] => lilypichu
)
COOKIE=Array
(
    [PHPSESSID] => 55ean1tv259dmnif26u7uoragc
)

---
REQUEST: 2026-03-29T14:16:22+02:00
URL=profile
SESSION=Array
(
    [user_id] => 1
    [username] => ralphlystercabajes
)
GET=Array
(
    [url] => profile
    [id] => 2
)
COOKIE=Array
(
    [PHPSESSID] => 55ean1tv259dmnif26u7uoragc
)

---
REQUEST: 2026-03-29T14:16:26+02:00
URL=profile
SESSION=Array
(
    [user_id] => 1
    [username] => ralphlystercabajes
)
GET=Array
(
    [url] => profile
    [id] => 2
)
COOKIE=Array
(
    [PHPSESSID] => 55ean1tv259dmnif26u7uoragc
)

---
REQUEST: 2026-03-29T14:16:32+02:00
URL=newsfeed
SESSION=Array
(
    [user_id] => 1
    [username] => ralphlystercabajes
)
GET=Array
(
    [url] => newsfeed
)
COOKIE=Array
(
    [PHPSESSID] => 55ean1tv259dmnif26u7uoragc
)

---
REQUEST: 2026-03-29T14:17:29+02:00
URL=posts/store
SESSION=Array
(
    [user_id] => 1
    [username] => ralphlystercabajes
)
GET=Array
(
    [url] => posts/store
)
COOKIE=Array
(
    [PHPSESSID] => 55ean1tv259dmnif26u7uoragc
)

---
REQUEST: 2026-03-29T14:17:29+02:00
URL=newsfeed
SESSION=Array
(
    [user_id] => 1
    [username] => ralphlystercabajes
)
GET=Array
(
    [url] => newsfeed
)
COOKIE=Array
(
    [PHPSESSID] => 55ean1tv259dmnif26u7uoragc
)

---
REQUEST: 2026-03-29T14:18:45+02:00
URL=newsfeed
SESSION=Array
(
    [user_id] => 1
    [username] => ralphlystercabajes
)
GET=Array
(
    [url] => newsfeed
)
COOKIE=Array
(
    [PHPSESSID] => 55ean1tv259dmnif26u7uoragc
)

---
REQUEST: 2026-03-29T14:18:48+02:00
URL=newsfeed
SESSION=Array
(
    [user_id] => 1
    [username] => ralphlystercabajes
)
GET=Array
(
    [url] => newsfeed
)
COOKIE=Array
(
    [PHPSESSID] => 55ean1tv259dmnif26u7uoragc
)

---
REQUEST: 2026-03-29T14:24:32+02:00
URL=newsfeed
SESSION=Array
(
    [user_id] => 1
    [username] => ralphlystercabajes
)
GET=Array
(
    [url] => newsfeed
)
COOKIE=Array
(
    [PHPSESSID] => 55ean1tv259dmnif26u7uoragc
)

---
REQUEST: 2026-03-29T14:24:37+02:00
URL=posts/edit
SESSION=Array
(
    [user_id] => 1
    [username] => ralphlystercabajes
)
GET=Array
(
    [url] => posts/edit
    [id] => 9
)
COOKIE=Array
(
    [PHPSESSID] => 55ean1tv259dmnif26u7uoragc
)

---
REQUEST: 2026-03-29T14:24:41+02:00
URL=posts/update
SESSION=Array
(
    [user_id] => 1
    [username] => ralphlystercabajes
)
GET=Array
(
    [url] => posts/update
)
COOKIE=Array
(
    [PHPSESSID] => 55ean1tv259dmnif26u7uoragc
)

---
REQUEST: 2026-03-29T14:24:41+02:00
URL=newsfeed
SESSION=Array
(
    [user_id] => 1
    [username] => ralphlystercabajes
)
GET=Array
(
    [url] => newsfeed
)
COOKIE=Array
(
    [PHPSESSID] => 55ean1tv259dmnif26u7uoragc
)

---
REQUEST: 2026-03-29T14:24:54+02:00
URL=search
SESSION=Array
(
    [user_id] => 1
    [username] => ralphlystercabajes
)
GET=Array
(
    [url] => search
    [q] => lilypichu
)
COOKIE=Array
(
    [PHPSESSID] => 55ean1tv259dmnif26u7uoragc
)

---
REQUEST: 2026-03-29T14:25:13+02:00
URL=newsfeed
SESSION=Array
(
    [user_id] => 1
    [username] => ralphlystercabajes
)
GET=Array
(
    [url] => newsfeed
)
COOKIE=Array
(
    [PHPSESSID] => 55ean1tv259dmnif26u7uoragc
)

---
REQUEST: 2026-03-29T14:25:15+02:00
URL=profile
SESSION=Array
(
    [user_id] => 1
    [username] => ralphlystercabajes
)
GET=Array
(
    [url] => profile
)
COOKIE=Array
(
    [PHPSESSID] => 55ean1tv259dmnif26u7uoragc
)

---
REQUEST: 2026-03-29T14:25:22+02:00
URL=profile
SESSION=Array
(
    [user_id] => 1
    [username] => ralphlystercabajes
)
GET=Array
(
    [url] => profile
)
COOKIE=Array
(
    [PHPSESSID] => 55ean1tv259dmnif26u7uoragc
)

---
REQUEST: 2026-03-29T14:25:25+02:00
URL=profile/edit
SESSION=Array
(
    [user_id] => 1
    [username] => ralphlystercabajes
)
GET=Array
(
    [url] => profile/edit
)
COOKIE=Array
(
    [PHPSESSID] => 55ean1tv259dmnif26u7uoragc
)

---
REQUEST: 2026-03-29T14:25:31+02:00
URL=profile/update
SESSION=Array
(
    [user_id] => 1
    [username] => ralphlystercabajes
)
GET=Array
(
    [url] => profile/update
)
COOKIE=Array
(
    [PHPSESSID] => 55ean1tv259dmnif26u7uoragc
)

---
REQUEST: 2026-03-29T14:25:32+02:00
URL=profile
SESSION=Array
(
    [user_id] => 1
    [username] => ralphlystercabajes
)
GET=Array
(
    [url] => profile
)
COOKIE=Array
(
    [PHPSESSID] => 55ean1tv259dmnif26u7uoragc
)

---
REQUEST: 2026-03-29T14:25:57+02:00
URL=
SESSION=Array
(
)
GET=Array
(
)
COOKIE=Array
(
)

---
REQUEST: 2026-03-29T14:26:13+02:00
URL=login
SESSION=Array
(
)
GET=Array
(
    [url] => login
)
COOKIE=Array
(
    [PHPSESSID] => cobnhv7h4fa3qftm97vooht01k
)

---
REQUEST: 2026-03-29T14:26:13+02:00
URL=newsfeed
SESSION=Array
(
    [user_id] => 1
    [username] => ralphlystercabajes
)
GET=Array
(
    [url] => newsfeed
)
COOKIE=Array
(
    [PHPSESSID] => cobnhv7h4fa3qftm97vooht01k
)

---
REQUEST: 2026-03-29T14:26:22+02:00
URL=profile
SESSION=Array
(
    [user_id] => 1
    [username] => ralphlystercabajes
)
GET=Array
(
    [url] => profile
)
COOKIE=Array
(
    [PHPSESSID] => cobnhv7h4fa3qftm97vooht01k
)

---
REQUEST: 2026-03-29T14:28:58+02:00
URL=posts/share
SESSION=Array
(
    [user_id] => 1
    [username] => ralphlystercabajes
)
GET=Array
(
    [url] => posts/share
)
COOKIE=Array
(
    [PHPSESSID] => cobnhv7h4fa3qftm97vooht01k
)

---
REQUEST: 2026-03-29T14:28:59+02:00
URL=newsfeed
SESSION=Array
(
    [user_id] => 1
    [username] => ralphlystercabajes
)
GET=Array
(
    [url] => newsfeed
)
COOKIE=Array
(
    [PHPSESSID] => cobnhv7h4fa3qftm97vooht01k
)

---
REQUEST: 2026-03-29T14:31:53+02:00
URL=posts/delete
SESSION=Array
(
    [user_id] => 1
    [username] => ralphlystercabajes
)
GET=Array
(
    [url] => posts/delete
)
COOKIE=Array
(
    [PHPSESSID] => cobnhv7h4fa3qftm97vooht01k
)

---
REQUEST: 2026-03-29T14:31:54+02:00
URL=newsfeed
SESSION=Array
(
    [user_id] => 1
    [username] => ralphlystercabajes
)
GET=Array
(
    [url] => newsfeed
)
COOKIE=Array
(
    [PHPSESSID] => cobnhv7h4fa3qftm97vooht01k
)

---
REQUEST: 2026-03-29T14:41:26+02:00
URL=newsfeed
SESSION=Array
(
    [user_id] => 1
    [username] => ralphlystercabajes
)
GET=Array
(
    [url] => newsfeed
)
COOKIE=Array
(
    [PHPSESSID] => cobnhv7h4fa3qftm97vooht01k
)

---
REQUEST: 2026-03-29T14:44:00+02:00
URL=newsfeed
SESSION=Array
(
    [user_id] => 1
    [username] => ralphlystercabajes
)
GET=Array
(
    [url] => newsfeed
)
COOKIE=Array
(
    [PHPSESSID] => cobnhv7h4fa3qftm97vooht01k
)

---
REQUEST: 2026-03-29T14:44:05+02:00
URL=likes/toggle
SESSION=Array
(
    [user_id] => 1
    [username] => ralphlystercabajes
)
GET=Array
(
    [url] => likes/toggle
)
COOKIE=Array
(
    [PHPSESSID] => cobnhv7h4fa3qftm97vooht01k
)

---
REQUEST: 2026-03-29T14:44:06+02:00
URL=newsfeed
SESSION=Array
(
    [user_id] => 1
    [username] => ralphlystercabajes
)
GET=Array
(
    [url] => newsfeed
)
COOKIE=Array
(
    [PHPSESSID] => cobnhv7h4fa3qftm97vooht01k
)

---
